<?xml version="1.0" encoding="UTF-8"?>
<testsuite xmlns:xsi="http://www.w3.org/2001/XMLSchema-instance" xsi:noNamespaceSchemaLocation="https://maven.apache.org/surefire/maven-surefire-plugin/xsd/surefire-test-report.xsd" name="guru.springframework.msscbeerservice.web.controller.BeerControllerTest" time="0.958" tests="3" errors="0" skipped="0" failures="2">
  <properties>
[...]
</properties>
  <testcase name="updateBeerById" classname="guru.springframework.msscbeerservice.web.controller.BeerControllerTest" time="0.341">
    <failure message="Status expected:&lt;204&gt; but was:&lt;400&gt;" type="java.lang.AssertionError"><![CDATA[java.lang.AssertionError: Status expected:<204> but was:<400>
	at guru.springframework.msscbeerservice.web.controller.BeerControllerTest.updateBeerById(BeerControllerTest.java:51)
]]></failure>
    <system-out><![CDATA[2020-03-06 09:52:22.988  INFO 9756 --- [           main] .b.t.a.w.s.WebMvcTestContextBootstrapper : Neither @ContextConfiguration nor @ContextHierarchy found for test class [guru.springframework.msscbeerservice.web.controller.BeerControllerTest], using SpringBootContextLoader
2020-03-06 09:52:22.989  INFO 9756 --- [           main] o.s.t.c.support.AbstractContextLoader    : Could not detect default resource locations for test class [guru.springframework.msscbeerservice.web.controller.BeerControllerTest]: no resource found for suffixes {-context.xml, Context.groovy}.
2020-03-06 09:52:22.989  INFO 9756 --- [           main] t.c.s.AnnotationConfigContextLoaderUtils : Could not detect default configuration classes for test class [guru.springframework.msscbeerservice.web.controller.BeerControllerTest]: BeerControllerTest does not declare any static, non-private, non-final, nested classes annotated with @Configuration.
2020-03-06 09:52:23.014  INFO 9756 --- [           main] .b.t.c.SpringBootTestContextBootstrapper : Found @SpringBootConfiguration guru.springframework.msscbeerservice.MsscBeerServiceApplication for test class guru.springframework.msscbeerservice.web.controller.BeerControllerTest
2020-03-06 09:52:23.014  INFO 9756 --- [           main] .b.t.a.w.s.WebMvcTestContextBootstrapper : Loaded default TestExecutionListener class names from location [META-INF/spring.factories]: [org.springframework.boot.test.mock.mockito.MockitoTestExecutionListener, org.springframework.boot.test.mock.mockito.ResetMocksTestExecutionListener, org.springframework.boot.test.autoconfigure.restdocs.RestDocsTestExecutionListener, org.springframework.boot.test.autoconfigure.web.client.MockRestServiceServerResetTestExecutionListener, org.springframework.boot.test.autoconfigure.web.servlet.MockMvcPrintOnlyOnFailureTestExecutionListener, org.springframework.boot.test.autoconfigure.web.servlet.WebDriverTestExecutionListener, org.springframework.test.context.web.ServletTestExecutionListener, org.springframework.test.context.support.DirtiesContextBeforeModesTestExecutionListener, org.springframework.test.context.support.DependencyInjectionTestExecutionListener, org.springframework.test.context.support.DirtiesContextTestExecutionListener, org.springframework.test.context.transaction.TransactionalTestExecutionListener, org.springframework.test.context.jdbc.SqlScriptsTestExecutionListener, org.springframework.test.context.event.EventPublishingTestExecutionListener]
2020-03-06 09:52:23.015  INFO 9756 --- [           main] .b.t.a.w.s.WebMvcTestContextBootstrapper : Using TestExecutionListeners: [org.springframework.test.context.web.ServletTestExecutionListener@c76762, org.springframework.test.context.support.DirtiesContextBeforeModesTestExecutionListener@5318731f, org.springframework.boot.test.mock.mockito.MockitoTestExecutionListener@2db82155, org.springframework.boot.test.autoconfigure.SpringBootDependencyInjectionTestExecutionListener@128d397c, org.springframework.test.context.support.DirtiesContextTestExecutionListener@294ab038, org.springframework.test.context.transaction.TransactionalTestExecutionListener@395abe85, org.springframework.test.context.jdbc.SqlScriptsTestExecutionListener@55849272, org.springframework.test.context.event.EventPublishingTestExecutionListener@2eb91767, org.springframework.boot.test.mock.mockito.ResetMocksTestExecutionListener@520eb9f8, org.springframework.boot.test.autoconfigure.restdocs.RestDocsTestExecutionListener@3ecc9baa, org.springframework.boot.test.autoconfigure.web.client.MockRestServiceServerResetTestExecutionListener@4f2a9903, org.springframework.boot.test.autoconfigure.web.servlet.MockMvcPrintOnlyOnFailureTestExecutionListener@294ebdae, org.springframework.boot.test.autoconfigure.web.servlet.WebDriverTestExecutionListener@e280006]

  .   ____          _            __ _ _
 /\\ / ___'_ __ _ _(_)_ __  __ _ \ \ \ \
( ( )\___ | '_ | '_| | '_ \/ _` | \ \ \ \
 \\/  ___)| |_)| | | | | || (_| |  ) ) ) )
  '  |____| .__|_| |_|_| |_\__, | / / / /
 =========|_|==============|___/=/_/_/_/
 :: Spring Boot ::        (v2.2.4.RELEASE)

2020-03-06 09:52:23.099  INFO 9756 --- [           main] g.s.m.web.controller.BeerControllerTest  : Starting BeerControllerTest on TTDamjanPC with PID 9756 (started by Damjan Kojc in D:\Git_Repository_Local\Udemy\microservices\mssc-beer-service)
2020-03-06 09:52:23.103  INFO 9756 --- [           main] g.s.m.web.controller.BeerControllerTest  : No active profile set, falling back to default profiles: default
2020-03-06 09:52:23.505  INFO 9756 --- [           main] o.s.s.concurrent.ThreadPoolTaskExecutor  : Initializing ExecutorService 'applicationTaskExecutor'
2020-03-06 09:52:23.654  INFO 9756 --- [           main] o.s.b.t.m.w.SpringBootMockServletContext : Initializing Spring TestDispatcherServlet ''
2020-03-06 09:52:23.654  INFO 9756 --- [           main] o.s.t.web.servlet.TestDispatcherServlet  : Initializing Servlet ''
2020-03-06 09:52:23.668  INFO 9756 --- [           main] o.s.t.web.servlet.TestDispatcherServlet  : Completed initialization in 13 ms
2020-03-06 09:52:23.683  INFO 9756 --- [           main] g.s.m.web.controller.BeerControllerTest  : Started BeerControllerTest in 0.662 seconds (JVM running for 8.631)
2020-03-06 09:52:23.966  WARN 9756 --- [           main] .w.s.m.s.DefaultHandlerExceptionResolver : Resolved [org.springframework.web.bind.MethodArgumentNotValidException: Validation failed for argument [1] in public org.springframework.http.ResponseEntity guru.springframework.msscbeerservice.web.controller.BeerController.updateBeerById(java.util.UUID,guru.springframework.msscbeerservice.web.model.BeerDto) with 4 errors: [Field error in object 'beerDto' on field 'price': rejected value [null]; codes [NotNull.beerDto.price,NotNull.price,NotNull.java.math.BigDecimal,NotNull]; arguments [org.springframework.context.support.DefaultMessageSourceResolvable: codes [beerDto.price,price]; arguments []; default message [price]]; default message [must not be null]] [Field error in object 'beerDto' on field 'upc': rejected value [null]; codes [NotNull.beerDto.upc,NotNull.upc,NotNull.java.lang.String,NotNull]; arguments [org.springframework.context.support.DefaultMessageSourceResolvable: codes [beerDto.upc,upc]; arguments []; default message [upc]]; default message [must not be null]] [Field error in object 'beerDto' on field 'beerName': rejected value [null]; codes [NotBlank.beerDto.beerName,NotBlank.beerName,NotBlank.java.lang.String,NotBlank]; arguments [org.springframework.context.support.DefaultMessageSourceResolvable: codes [beerDto.beerName,beerName]; arguments []; default message [beerName]]; default message [must not be blank]] [Field error in object 'beerDto' on field 'beerStyle': rejected value [null]; codes [NotNull.beerDto.beerStyle,NotNull.beerStyle,NotNull.guru.springframework.msscbeerservice.web.model.BeerStyleEnum,NotNull]; arguments [org.springframework.context.support.DefaultMessageSourceResolvable: codes [beerDto.beerStyle,beerStyle]; arguments []; default message [beerStyle]]; default message [must not be null]] ]

MockHttpServletRequest:
      HTTP Method = PUT
      Request URI = /api/v1/beer/4b02124b-8658-41a9-9caa-5b8d7ee7f67e
       Parameters = {}
          Headers = [Content-Type:"application/json", Content-Length:"148"]
             Body = <no character encoding set>
    Session Attrs = {}

Handler:
             Type = guru.springframework.msscbeerservice.web.controller.BeerController
           Method = guru.springframework.msscbeerservice.web.controller.BeerController#updateBeerById(UUID, BeerDto)

Async:
    Async started = false
     Async result = null

Resolved Exception:
             Type = org.springframework.web.bind.MethodArgumentNotValidException

ModelAndView:
        View name = null
             View = null
            Model = null

FlashMap:
       Attributes = null

MockHttpServletResponse:
           Status = 400
    Error message = null
          Headers = []
     Content type = null
             Body = 
    Forwarded URL = null
   Redirected URL = null
          Cookies = []
]]></system-out>
  </testcase>
  <testcase name="saveNewBeer" classname="guru.springframework.msscbeerservice.web.controller.BeerControllerTest" time="0.043">
    <failure message="Status expected:&lt;201&gt; but was:&lt;400&gt;" type="java.lang.AssertionError"><![CDATA[java.lang.AssertionError: Status expected:<201> but was:<400>
	at guru.springframework.msscbeerservice.web.controller.BeerControllerTest.saveNewBeer(BeerControllerTest.java:40)
]]></failure>
    <system-out><![CDATA[2020-03-06 09:52:24.019  WARN 9756 --- [           main] .w.s.m.s.DefaultHandlerExceptionResolver : Resolved [org.springframework.web.bind.MethodArgumentNotValidException: Validation failed for argument [0] in public org.springframework.http.ResponseEntity guru.springframework.msscbeerservice.web.controller.BeerController.saveNewBeer(guru.springframework.msscbeerservice.web.model.BeerDto) with 4 errors: [Field error in object 'beerDto' on field 'beerStyle': rejected value [null]; codes [NotNull.beerDto.beerStyle,NotNull.beerStyle,NotNull.guru.springframework.msscbeerservice.web.model.BeerStyleEnum,NotNull]; arguments [org.springframework.context.support.DefaultMessageSourceResolvable: codes [beerDto.beerStyle,beerStyle]; arguments []; default message [beerStyle]]; default message [must not be null]] [Field error in object 'beerDto' on field 'upc': rejected value [null]; codes [NotNull.beerDto.upc,NotNull.upc,NotNull.java.lang.String,NotNull]; arguments [org.springframework.context.support.DefaultMessageSourceResolvable: codes [beerDto.upc,upc]; arguments []; default message [upc]]; default message [must not be null]] [Field error in object 'beerDto' on field 'beerName': rejected value [null]; codes [NotBlank.beerDto.beerName,NotBlank.beerName,NotBlank.java.lang.String,NotBlank]; arguments [org.springframework.context.support.DefaultMessageSourceResolvable: codes [beerDto.beerName,beerName]; arguments []; default message [beerName]]; default message [must not be blank]] [Field error in object 'beerDto' on field 'price': rejected value [null]; codes [NotNull.beerDto.price,NotNull.price,NotNull.java.math.BigDecimal,NotNull]; arguments [org.springframework.context.support.DefaultMessageSourceResolvable: codes [beerDto.price,price]; arguments []; default message [price]]; default message [must not be null]] ]

MockHttpServletRequest:
      HTTP Method = POST
      Request URI = /api/v1/beer/
       Parameters = {}
          Headers = [Content-Type:"application/json", Content-Length:"148"]
             Body = <no character encoding set>
    Session Attrs = {}

Handler:
             Type = guru.springframework.msscbeerservice.web.controller.BeerController
           Method = guru.springframework.msscbeerservice.web.controller.BeerController#saveNewBeer(BeerDto)

Async:
    Async started = false
     Async result = null

Resolved Exception:
             Type = org.springframework.web.bind.MethodArgumentNotValidException

ModelAndView:
        View name = null
             View = null
            Model = null

FlashMap:
       Attributes = null

MockHttpServletResponse:
           Status = 400
    Error message = null
          Headers = []
     Content type = null
             Body = 
    Forwarded URL = null
   Redirected URL = null
          Cookies = []
]]></system-out>
  </testcase>
  <testcase name="getBeerById" classname="guru.springframework.msscbeerservice.web.controller.BeerControllerTest" time="0.001"/>
</testsuite>